        -:    0:Source:array_using_pointers.c
        -:    0:Graph:array_using_pointers.gcno
        -:    0:Data:array_using_pointers.gcda
        -:    0:Runs:1
        -:    1:#include <stdio.h>
        1:    2:void main(){
        1:    3:    int arr[4] = {1, 2, 3, 4};
        1:    4:    int *ptr=arr;
        1:    5:    int i=0;
        5:    6:    while (i<4)
        -:    7:    {
        4:    8:        printf("%d", *(ptr+i));
        4:    9:        i++;
        -:   10:    }
        -:   11:     
        1:   12:}
