        -:    0:Source:docsec.c
        -:    0:Graph:docsec.gcno
        -:    0:Data:docsec.gcda
        -:    0:Runs:1
        -:    0:Programs:1
        -:    1:#include <stdio.h>
        -:    2:#include <string.h>
        -:    3:
        1:    4:int main(){
        -:    5:
        -:    6:	char len;
        -:    7:	int num;
        1:    8:	scanf("%d", &len);  
        1:    9:	scanf("%d", &num);      
        1:   10:	if(len<=23){
        1:   11:		if(num>500 && num<100){
    #####:   12:			printf("Take Medicine");
        -:   13:		}
        -:   14:		else{
        1:   15:			printf("Don't take Medicine");
        -:   16:		}
        -:   17:	}
        -:   18:	else{
    #####:   19:			printf("Don't take Medicine");
        -:   20:		}      
        -:   21:}
